<?xml version="1.0" encoding="UTF-8"?>
<testng-results skipped="0" failed="2" ignored="0" total="2" passed="0">
  <reporter-output>
    <line>
      <![CDATA[<a href='/DemoFramework/test-output/Screenshots/checkButtonFunction.png'> <img src='/DemoFramework/test-output/Screenshots/checkButtonFunction.png' height='400' width='200'/> </a>]]>
    </line>
    <line>
      <![CDATA[<a href='/DemoFramework/test-output/Screenshots/checkButtonFunction.png'> <img src='/DemoFramework/test-output/Screenshots/checkButtonFunction.png' height='400' width='200'/> </a>]]>
    </line>
  </reporter-output>
  <suite name="All Test Suite" duration-ms="74174" started-at="2021-10-13T13:36:12 MDT" finished-at="2021-10-13T13:37:26 MDT">
    <groups>
      <group name="smoke">
        <method signature="AndroidTests.checkButtonFunction(java.lang.String,java.lang.String,java.lang.String,java.lang.String)[pri:0, instance:AndroidTests@7a1ebcd8]" name="checkButtonFunction" class="AndroidTests"/>
      </group> <!-- smoke -->
    </groups>
    <test name="All Tests" duration-ms="74174" started-at="2021-10-13T13:36:12 MDT" finished-at="2021-10-13T13:37:26 MDT">
      <class name="AndroidTests">
        <test-method status="PASS" signature="beforeTest()[pri:0, instance:AndroidTests@7a1ebcd8]" name="beforeTest" is-config="true" duration-ms="25987" started-at="2021-10-13T13:36:12 MDT" finished-at="2021-10-13T13:36:38 MDT">
          <reporter-output>
          </reporter-output>
        </test-method> <!-- beforeTest -->
        <test-method status="FAIL" signature="checkButtonFunction(java.lang.String,java.lang.String,java.lang.String,java.lang.String)[pri:0, instance:AndroidTests@7a1ebcd8]" name="checkButtonFunction" duration-ms="27094" started-at="2021-10-13T13:36:38 MDT" description="Both buttons on the home screen lead to the correct page" data-provider="ClickTestData" finished-at="2021-10-13T13:37:05 MDT">
          <params>
            <param index="0">
              <value>
                <![CDATA[Accessibility]]>
              </value>
            </param>
            <param index="1">
              <value>
                <![CDATA[Accessibility Node Provider]]>
              </value>
            </param>
            <param index="2">
              <value>
                <![CDATA[Accessibility Node Provider1]]>
              </value>
            </param>
            <param index="3">
              <value>
                <![CDATA[Checking accessibility button text]]>
              </value>
            </param>
          </params>
          <exception class="java.lang.AssertionError">
            <message>
              <![CDATA[The following asserts failed:
Checking accessibility button text expected [Accessibility Node Provider1] but found [Accessibility Node Provider]]]>
            </message>
            <full-stacktrace>
              <![CDATA[java.lang.AssertionError: The following asserts failed:
Checking accessibility button text expected [Accessibility Node Provider1] but found [Accessibility Node Provider]
at org.testng.asserts.SoftAssert.assertAll(SoftAssert.java:47)
at org.testng.asserts.SoftAssert.assertAll(SoftAssert.java:31)
at AndroidTests.checkButtonFunction(AndroidTests.java:44)
at sun.reflect.NativeMethodAccessorImpl.invoke0(Native Method)
at sun.reflect.NativeMethodAccessorImpl.invoke(NativeMethodAccessorImpl.java:62)
at sun.reflect.DelegatingMethodAccessorImpl.invoke(DelegatingMethodAccessorImpl.java:43)
at java.lang.reflect.Method.invoke(Method.java:498)
at org.testng.internal.MethodInvocationHelper.invokeMethod(MethodInvocationHelper.java:133)
at org.testng.internal.TestInvoker.invokeMethod(TestInvoker.java:598)
at org.testng.internal.TestInvoker.invokeTestMethod(TestInvoker.java:173)
at org.testng.internal.MethodRunner.runInSequence(MethodRunner.java:46)
at org.testng.internal.TestInvoker$MethodInvocationAgent.invoke(TestInvoker.java:824)
at org.testng.internal.TestInvoker.invokeTestMethods(TestInvoker.java:146)
at org.testng.internal.TestMethodWorker.invokeTestMethods(TestMethodWorker.java:146)
at org.testng.internal.TestMethodWorker.run(TestMethodWorker.java:128)
at java.util.ArrayList.forEach(ArrayList.java:1259)
at org.testng.TestRunner.privateRun(TestRunner.java:794)
at org.testng.TestRunner.run(TestRunner.java:596)
at org.testng.SuiteRunner.runTest(SuiteRunner.java:377)
at org.testng.SuiteRunner.runSequentially(SuiteRunner.java:371)
at org.testng.SuiteRunner.privateRun(SuiteRunner.java:332)
at org.testng.SuiteRunner.run(SuiteRunner.java:276)
at org.testng.SuiteRunnerWorker.runSuite(SuiteRunnerWorker.java:53)
at org.testng.SuiteRunnerWorker.run(SuiteRunnerWorker.java:96)
at org.testng.TestNG.runSuitesSequentially(TestNG.java:1212)
at org.testng.TestNG.runSuitesLocally(TestNG.java:1134)
at org.testng.TestNG.runSuites(TestNG.java:1063)
at org.testng.TestNG.run(TestNG.java:1031)
at com.intellij.rt.testng.IDEARemoteTestNG.run(IDEARemoteTestNG.java:66)
at com.intellij.rt.testng.RemoteTestNGStarter.main(RemoteTestNGStarter.java:109)
]]>
            </full-stacktrace>
          </exception> <!-- java.lang.AssertionError -->
          <reporter-output>
            <line>
              <![CDATA[<a href='/DemoFramework/test-output/Screenshots/checkButtonFunction.png'> <img src='/DemoFramework/test-output/Screenshots/checkButtonFunction.png' height='400' width='200'/> </a>]]>
            </line>
          </reporter-output>
        </test-method> <!-- checkButtonFunction -->
        <test-method status="FAIL" signature="checkButtonFunction(java.lang.String,java.lang.String,java.lang.String,java.lang.String)[pri:0, instance:AndroidTests@7a1ebcd8]" name="checkButtonFunction" duration-ms="18750" started-at="2021-10-13T13:37:06 MDT" description="Both buttons on the home screen lead to the correct page" data-provider="ClickTestData" finished-at="2021-10-13T13:37:25 MDT">
          <params>
            <param index="0">
              <value>
                <![CDATA[Animation]]>
              </value>
            </param>
            <param index="1">
              <value>
                <![CDATA[Bouncing Balls]]>
              </value>
            </param>
            <param index="2">
              <value>
                <![CDATA[Bouncing Balls]]>
              </value>
            </param>
            <param index="3">
              <value>
                <![CDATA[Checking animation button text]]>
              </value>
            </param>
          </params>
          <exception class="java.lang.AssertionError">
            <message>
              <![CDATA[The following asserts failed:
Checking accessibility button text expected [Accessibility Node Provider1] but found [Accessibility Node Provider]]]>
            </message>
            <full-stacktrace>
              <![CDATA[java.lang.AssertionError: The following asserts failed:
Checking accessibility button text expected [Accessibility Node Provider1] but found [Accessibility Node Provider]
at org.testng.asserts.SoftAssert.assertAll(SoftAssert.java:47)
at org.testng.asserts.SoftAssert.assertAll(SoftAssert.java:31)
at AndroidTests.checkButtonFunction(AndroidTests.java:44)
at sun.reflect.NativeMethodAccessorImpl.invoke0(Native Method)
at sun.reflect.NativeMethodAccessorImpl.invoke(NativeMethodAccessorImpl.java:62)
at sun.reflect.DelegatingMethodAccessorImpl.invoke(DelegatingMethodAccessorImpl.java:43)
at java.lang.reflect.Method.invoke(Method.java:498)
at org.testng.internal.MethodInvocationHelper.invokeMethod(MethodInvocationHelper.java:133)
at org.testng.internal.TestInvoker.invokeMethod(TestInvoker.java:598)
at org.testng.internal.TestInvoker.invokeTestMethod(TestInvoker.java:173)
at org.testng.internal.MethodRunner.runInSequence(MethodRunner.java:46)
at org.testng.internal.TestInvoker$MethodInvocationAgent.invoke(TestInvoker.java:824)
at org.testng.internal.TestInvoker.invokeTestMethods(TestInvoker.java:146)
at org.testng.internal.TestMethodWorker.invokeTestMethods(TestMethodWorker.java:146)
at org.testng.internal.TestMethodWorker.run(TestMethodWorker.java:128)
at java.util.ArrayList.forEach(ArrayList.java:1259)
at org.testng.TestRunner.privateRun(TestRunner.java:794)
at org.testng.TestRunner.run(TestRunner.java:596)
at org.testng.SuiteRunner.runTest(SuiteRunner.java:377)
at org.testng.SuiteRunner.runSequentially(SuiteRunner.java:371)
at org.testng.SuiteRunner.privateRun(SuiteRunner.java:332)
at org.testng.SuiteRunner.run(SuiteRunner.java:276)
at org.testng.SuiteRunnerWorker.runSuite(SuiteRunnerWorker.java:53)
at org.testng.SuiteRunnerWorker.run(SuiteRunnerWorker.java:96)
at org.testng.TestNG.runSuitesSequentially(TestNG.java:1212)
at org.testng.TestNG.runSuitesLocally(TestNG.java:1134)
at org.testng.TestNG.runSuites(TestNG.java:1063)
at org.testng.TestNG.run(TestNG.java:1031)
at com.intellij.rt.testng.IDEARemoteTestNG.run(IDEARemoteTestNG.java:66)
at com.intellij.rt.testng.RemoteTestNGStarter.main(RemoteTestNGStarter.java:109)
]]>
            </full-stacktrace>
          </exception> <!-- java.lang.AssertionError -->
          <reporter-output>
            <line>
              <![CDATA[<a href='/DemoFramework/test-output/Screenshots/checkButtonFunction.png'> <img src='/DemoFramework/test-output/Screenshots/checkButtonFunction.png' height='400' width='200'/> </a>]]>
            </line>
          </reporter-output>
        </test-method> <!-- checkButtonFunction -->
      </class> <!-- AndroidTests -->
    </test> <!-- All Tests -->
  </suite> <!-- All Test Suite -->
</testng-results>
